{
  "ref": "refs/heads/master",
  "before": "f4c3a5cde53dbb19799a5868eaef27f3d20da834",
  "after": "115be1c7d12561be0aeb0d96b2f7e8ec325d6e72",
  "created": false,
  "deleted": false,
  "forced": false,
  "base_ref": null,
  "compare": "https://github.com/yuichimaruyama/jenkins_test/compare/f4c3a5cde53d...115be1c7d125",
  "commits": [
    {
      "id": "115be1c7d12561be0aeb0d96b2f7e8ec325d6e72",
      "distinct": true,
      "message": "hello",
      "timestamp": "2015-07-29T05:24:23Z",
      "url": "https://github.com/yuichimaruyama/jenkins_test/commit/115be1c7d12561be0aeb0d96b2f7e8ec325d6e72",
      "author": {
        "name": "yuichimaruyama",
        "email": "yuichimaruyama@gmail.com",
        "username": "yuichimaruyama"
      },
      "committer": {
        "name": "yuichimaruyama",
        "email": "yuichimaruyama@gmail.com",
        "username": "yuichimaruyama"
      },
      "added": [

      ],
      "removed": [

      ],
      "modified": [
        "HelloWorld.java"
      ]
    }
  ],
  "head_commit": {
    "id": "115be1c7d12561be0aeb0d96b2f7e8ec325d6e72",
    "distinct": true,
    "message": "hello",
    "timestamp": "2015-07-29T05:24:23Z",
    "url": "https://github.com/yuichimaruyama/jenkins_test/commit/115be1c7d12561be0aeb0d96b2f7e8ec325d6e72",
    "author": {
      "name": "yuichimaruyama",
      "email": "yuichimaruyama@gmail.com",
      "username": "yuichimaruyama"
    },
    "committer": {
      "name": "yuichimaruyama",
      "email": "yuichimaruyama@gmail.com",
      "username": "yuichimaruyama"
    },
    "added": [

    ],
    "removed": [

    ],
    "modified": [
      "HelloWorld.java"
    ]
  },
  "repository": {
    "id": 39869773,
    "name": "jenkins_test",
    "full_name": "yuichimaruyama/jenkins_test",
    "owner": {
      "name": "yuichimaruyama",
      "email": "yuichimaruyama@gmail.com"
    },
    "private": false,
    "html_url": "https://github.com/yuichimaruyama/jenkins_test",
    "description": "",
    "fork": false,
    "url": "https://github.com/yuichimaruyama/jenkins_test",
    "forks_url": "https://api.github.com/repos/yuichimaruyama/jenkins_test/forks",
    "keys_url": "https://api.github.com/repos/yuichimaruyama/jenkins_test/keys{/key_id}",
    "collaborators_url": "https://api.github.com/repos/yuichimaruyama/jenkins_test/collaborators{/collaborator}",
    "teams_url": "https://api.github.com/repos/yuichimaruyama/jenkins_test/teams",
    "hooks_url": "https://api.github.com/repos/yuichimaruyama/jenkins_test/hooks",
    "issue_events_url": "https://api.github.com/repos/yuichimaruyama/jenkins_test/issues/events{/number}",
    "events_url": "https://api.github.com/repos/yuichimaruyama/jenkins_test/events",
    "assignees_url": "https://api.github.com/repos/yuichimaruyama/jenkins_test/assignees{/user}",
    "branches_url": "https://api.github.com/repos/yuichimaruyama/jenkins_test/branches{/branch}",
    "tags_url": "https://api.github.com/repos/yuichimaruyama/jenkins_test/tags",
    "blobs_url": "https://api.github.com/repos/yuichimaruyama/jenkins_test/git/blobs{/sha}",
    "git_tags_url": "https://api.github.com/repos/yuichimaruyama/jenkins_test/git/tags{/sha}",
    "git_refs_url": "https://api.github.com/repos/yuichimaruyama/jenkins_test/git/refs{/sha}",
    "trees_url": "https://api.github.com/repos/yuichimaruyama/jenkins_test/git/trees{/sha}",
    "statuses_url": "https://api.github.com/repos/yuichimaruyama/jenkins_test/statuses/{sha}",
    "languages_url": "https://api.github.com/repos/yuichimaruyama/jenkins_test/languages",
    "stargazers_url": "https://api.github.com/repos/yuichimaruyama/jenkins_test/stargazers",
    "contributors_url": "https://api.github.com/repos/yuichimaruyama/jenkins_test/contributors",
    "subscribers_url": "https://api.github.com/repos/yuichimaruyama/jenkins_test/subscribers",
    "subscription_url": "https://api.github.com/repos/yuichimaruyama/jenkins_test/subscription",
    "commits_url": "https://api.github.com/repos/yuichimaruyama/jenkins_test/commits{/sha}",
    "git_commits_url": "https://api.github.com/repos/yuichimaruyama/jenkins_test/git/commits{/sha}",
    "comments_url": "https://api.github.com/repos/yuichimaruyama/jenkins_test/comments{/number}",
    "issue_comment_url": "https://api.github.com/repos/yuichimaruyama/jenkins_test/issues/comments{/number}",
    "contents_url": "https://api.github.com/repos/yuichimaruyama/jenkins_test/contents/{+path}",
    "compare_url": "https://api.github.com/repos/yuichimaruyama/jenkins_test/compare/{base}...{head}",
    "merges_url": "https://api.github.com/repos/yuichimaruyama/jenkins_test/merges",
    "archive_url": "https://api.github.com/repos/yuichimaruyama/jenkins_test/{archive_format}{/ref}",
    "downloads_url": "https://api.github.com/repos/yuichimaruyama/jenkins_test/downloads",
    "issues_url": "https://api.github.com/repos/yuichimaruyama/jenkins_test/issues{/number}",
    "pulls_url": "https://api.github.com/repos/yuichimaruyama/jenkins_test/pulls{/number}",
    "milestones_url": "https://api.github.com/repos/yuichimaruyama/jenkins_test/milestones{/number}",
    "notifications_url": "https://api.github.com/repos/yuichimaruyama/jenkins_test/notifications{?since,all,participating}",
    "labels_url": "https://api.github.com/repos/yuichimaruyama/jenkins_test/labels{/name}",
    "releases_url": "https://api.github.com/repos/yuichimaruyama/jenkins_test/releases{/id}",
    "created_at": 1438138381,
    "updated_at": "2015-07-29T04:50:39Z",
    "pushed_at": 1438147470,
    "git_url": "git://github.com/yuichimaruyama/jenkins_test.git",
    "ssh_url": "git@github.com:yuichimaruyama/jenkins_test.git",
    "clone_url": "https://github.com/yuichimaruyama/jenkins_test.git",
    "svn_url": "https://github.com/yuichimaruyama/jenkins_test",
    "homepage": null,
    "size": 0,
    "stargazers_count": 0,
    "watchers_count": 0,
    "language": "Java",
    "has_issues": true,
    "has_downloads": true,
    "has_wiki": true,
    "has_pages": false,
    "forks_count": 0,
    "mirror_url": null,
    "open_issues_count": 0,
    "forks": 0,
    "open_issues": 0,
    "watchers": 0,
    "default_branch": "master",
    "stargazers": 0,
    "master_branch": "master"
  },
  "pusher": {
    "name": "yuichimaruyama",
    "email": "yuichimaruyama@gmail.com"
  },
  "sender": {
    "login": "yuichimaruyama",
    "id": 3093761,
    "avatar_url": "https://avatars.githubusercontent.com/u/3093761?v=3",
    "gravatar_id": "",
    "url": "https://api.github.com/users/yuichimaruyama",
    "html_url": "https://github.com/yuichimaruyama",
    "followers_url": "https://api.github.com/users/yuichimaruyama/followers",
    "following_url": "https://api.github.com/users/yuichimaruyama/following{/other_user}",
    "gists_url": "https://api.github.com/users/yuichimaruyama/gists{/gist_id}",
    "starred_url": "https://api.github.com/users/yuichimaruyama/starred{/owner}{/repo}",
    "subscriptions_url": "https://api.github.com/users/yuichimaruyama/subscriptions",
    "organizations_url": "https://api.github.com/users/yuichimaruyama/orgs",
    "repos_url": "https://api.github.com/users/yuichimaruyama/repos",
    "events_url": "https://api.github.com/users/yuichimaruyama/events{/privacy}",
    "received_events_url": "https://api.github.com/users/yuichimaruyama/received_events",
    "type": "User",
    "site_admin": false
  }
}
